# JRE version: OpenJDK Runtime Environment Temurin-11.0.17+8 (11.0.17+8) (build 11.0.17+8)
# Java VM: OpenJDK 64-Bit Server VM Temurin-11.0.17+8 (11.0.17+8, mixed mode, tiered, compressed oops, g1 gc, windows-amd64)
Heap:
 garbage-first heap   total 391168K, used 290825K [0x0000000080000000, 0x0000000100000000)
  region size 1024K, 120 young (122880K), 7 survivors (7168K)
 Metaspace       used 179616K, capacity 185236K, committed 185556K, reserved 677888K
  class space    used 22806K, capacity 24970K, committed 25036K, reserved 516096K
GC Heap History (20 events):
Event: 6585.344 GC heap before
{Heap before GC invocations=27 (full 0):
 garbage-first heap   total 391168K, used 209908K [0x0000000080000000, 0x0000000100000000)
  region size 1024K, 19 young (19456K), 18 survivors (18432K)
 Metaspace       used 166551K, capacity 171052K, committed 171988K, reserved 665600K
  class space    used 21231K, capacity 22952K, committed 23244K, reserved 516096K
}
Event: 6585.387 GC heap after
{Heap after GC invocations=28 (full 0):
 garbage-first heap   total 391168K, used 183121K [0x0000000080000000, 0x0000000100000000)
  region size 1024K, 2 young (2048K), 2 survivors (2048K)
 Metaspace       used 166551K, capacity 171052K, committed 171988K, reserved 665600K
  class space    used 21231K, capacity 22952K, committed 23244K, reserved 516096K
}
Event: 6586.525 GC heap before
{Heap before GC invocations=28 (full 0):
 garbage-first heap   total 391168K, used 318289K [0x0000000080000000, 0x0000000100000000)
  region size 1024K, 134 young (137216K), 2 survivors (2048K)
 Metaspace       used 173164K, capacity 177964K, committed 178132K, reserved 671744K
  class space    used 22122K, capacity 23992K, committed 24012K, reserved 516096K
}
Event: 6586.540 GC heap after
{Heap after GC invocations=29 (full 0):
 garbage-first heap   total 391168K, used 189676K [0x0000000080000000, 0x0000000100000000)
  region size 1024K, 9 young (9216K), 9 survivors (9216K)
 Metaspace       used 173164K, capacity 177964K, committed 178132K, reserved 671744K
  class space    used 22122K, capacity 23992K, committed 24012K, reserved 516096K
}
Event: 6587.716 GC heap before
{Heap before GC invocations=30 (full 0):
 garbage-first heap   total 391168K, used 313580K [0x0000000080000000, 0x0000000100000000)
  region size 1024K, 136 young (139264K), 9 survivors (9216K)
 Metaspace       used 175283K, capacity 180282K, committed 180564K, reserved 673792K
  class space    used 22376K, capacity 24326K, committed 24396K, reserved 516096K
}
Event: 6587.729 GC heap after
{Heap after GC invocations=31 (full 0):
 garbage-first heap   total 391168K, used 184870K [0x0000000080000000, 0x0000000100000000)
  region size 1024K, 10 young (10240K), 10 survivors (10240K)
 Metaspace       used 175283K, capacity 180282K, committed 180564K, reserved 673792K
  class space    used 22376K, capacity 24326K, committed 24396K, reserved 516096K
}
Event: 6587.749 GC heap before
{Heap before GC invocations=31 (full 0):
 garbage-first heap   total 391168K, used 194086K [0x0000000080000000, 0x0000000100000000)
  region size 1024K, 19 young (19456K), 10 survivors (10240K)
 Metaspace       used 175284K, capacity 180282K, committed 180564K, reserved 673792K
  class space    used 22376K, capacity 24326K, committed 24396K, reserved 516096K
}
Event: 6587.764 GC heap after
{Heap after GC invocations=32 (full 0):
 garbage-first heap   total 391168K, used 172680K [0x0000000080000000, 0x0000000100000000)
  region size 1024K, 1 young (1024K), 1 survivors (1024K)
 Metaspace       used 175284K, capacity 180282K, committed 180564K, reserved 673792K
  class space    used 22376K, capacity 24326K, committed 24396K, reserved 516096K
}
Event: 6588.757 GC heap before
{Heap before GC invocations=32 (full 0):
 garbage-first heap   total 391168K, used 321160K [0x0000000080000000, 0x0000000100000000)
  region size 1024K, 146 young (149504K), 1 survivors (1024K)
 Metaspace       used 175592K, capacity 180552K, committed 180820K, reserved 673792K
  class space    used 22394K, capacity 24347K, committed 24396K, reserved 516096K
}
Event: 6588.764 GC heap after
{Heap after GC invocations=33 (full 0):
 garbage-first heap   total 391168K, used 174179K [0x0000000080000000, 0x0000000100000000)
  region size 1024K, 2 young (2048K), 2 survivors (2048K)
 Metaspace       used 175592K, capacity 180552K, committed 180820K, reserved 673792K
  class space    used 22394K, capacity 24347K, committed 24396K, reserved 516096K
}
Event: 6589.508 GC heap before
{Heap before GC invocations=33 (full 0):
 garbage-first heap   total 391168K, used 326755K [0x0000000080000000, 0x0000000100000000)
  region size 1024K, 151 young (154624K), 2 survivors (2048K)
 Metaspace       used 175649K, capacity 180634K, committed 180820K, reserved 673792K
  class space    used 22400K, capacity 24351K, committed 24396K, reserved 516096K
}
Event: 6589.512 GC heap after
{Heap after GC invocations=34 (full 0):
 garbage-first heap   total 391168K, used 174746K [0x0000000080000000, 0x0000000100000000)
  region size 1024K, 3 young (3072K), 3 survivors (3072K)
 Metaspace       used 175649K, capacity 180634K, committed 180820K, reserved 673792K
  class space    used 22400K, capacity 24351K, committed 24396K, reserved 516096K
}
Event: 6590.234 GC heap before
{Heap before GC invocations=34 (full 0):
 garbage-first heap   total 391168K, used 329370K [0x0000000080000000, 0x0000000100000000)
  region size 1024K, 153 young (156672K), 3 survivors (3072K)
 Metaspace       used 175944K, capacity 180913K, committed 181076K, reserved 673792K
  class space    used 22407K, capacity 24363K, committed 24396K, reserved 516096K
}
Event: 6590.237 GC heap after
{Heap after GC invocations=35 (full 0):
 garbage-first heap   total 391168K, used 172671K [0x0000000080000000, 0x0000000100000000)
  region size 1024K, 3 young (3072K), 3 survivors (3072K)
 Metaspace       used 175944K, capacity 180913K, committed 181076K, reserved 673792K
  class space    used 22407K, capacity 24363K, committed 24396K, reserved 516096K
}
Event: 11668.366 GC heap before
{Heap before GC invocations=35 (full 0):
 garbage-first heap   total 391168K, used 330367K [0x0000000080000000, 0x0000000100000000)
  region size 1024K, 157 young (160768K), 3 survivors (3072K)
 Metaspace       used 177428K, capacity 182582K, committed 182612K, reserved 675840K
  class space    used 22621K, capacity 24640K, committed 24652K, reserved 516096K
}
Event: 11668.373 GC heap after
{Heap after GC invocations=36 (full 0):
 garbage-first heap   total 391168K, used 174601K [0x0000000080000000, 0x0000000100000000)
  region size 1024K, 5 young (5120K), 5 survivors (5120K)
 Metaspace       used 177428K, capacity 182582K, committed 182612K, reserved 675840K
  class space    used 22621K, capacity 24640K, committed 24652K, reserved 516096K
}
Event: 11811.498 GC heap before
{Heap before GC invocations=36 (full 0):
 garbage-first heap   total 391168K, used 332297K [0x0000000080000000, 0x0000000100000000)
  region size 1024K, 159 young (162816K), 5 survivors (5120K)
 Metaspace       used 178470K, capacity 183765K, committed 184020K, reserved 675840K
  class space    used 22684K, capacity 24744K, committed 24780K, reserved 516096K
}
Event: 11811.505 GC heap after
{Heap after GC invocations=37 (full 0):
 garbage-first heap   total 391168K, used 177037K [0x0000000080000000, 0x0000000100000000)
  region size 1024K, 7 young (7168K), 7 survivors (7168K)
 Metaspace       used 178470K, capacity 183765K, committed 184020K, reserved 675840K
  class space    used 22684K, capacity 24744K, committed 24780K, reserved 516096K
}
Event: 12149.695 GC heap before
{Heap before GC invocations=37 (full 0):
 garbage-first heap   total 391168K, used 332685K [0x0000000080000000, 0x0000000100000000)
  region size 1024K, 160 young (163840K), 7 survivors (7168K)
 Metaspace       used 179311K, capacity 184902K, committed 185044K, reserved 677888K
  class space    used 22787K, capacity 24934K, committed 25036K, reserved 516096K
}
Event: 12149.703 GC heap after
{Heap after GC invocations=38 (full 0):
 garbage-first heap   total 391168K, used 177161K [0x0000000080000000, 0x0000000100000000)
  region size 1024K, 7 young (7168K), 7 survivors (7168K)
 Metaspace       used 179311K, capacity 184902K, committed 185044K, reserved 677888K
  class space    used 22787K, capacity 24934K, committed 25036K, reserved 516096K
}

